<?xml version="1.0" encoding="UTF-8"?>
<testsuite xmlns:xsi="http://www.w3.org/2001/XMLSchema-instance" xsi:noNamespaceSchemaLocation="https://maven.apache.org/surefire/maven-surefire-plugin/xsd/surefire-test-report-3.0.xsd" version="3.0" name="TestSuite" time="0.708" tests="3" errors="0" skipped="1" failures="1">
  <properties>
    <property name="sun.desktop" value="windows"/>
    <property name="awt.toolkit" value="sun.awt.windows.WToolkit"/>
    <property name="file.encoding.pkg" value="sun.io"/>
    <property name="java.specification.version" value="1.8"/>
    <property name="sun.cpu.isalist" value="amd64"/>
    <property name="sun.jnu.encoding" value="Cp1252"/>
    <property name="java.class.path" value="D:\My Framework VV\Dec2022\ExtentReportV5W2A\target\test-classes;D:\My Framework VV\Dec2022\ExtentReportV5W2A\target\classes;C:\Users\valmiki\.m2\repository\org\testng\testng\6.14.3\testng-6.14.3.jar;C:\Users\valmiki\.m2\repository\com\beust\jcommander\1.72\jcommander-1.72.jar;C:\Users\valmiki\.m2\repository\org\apache-extras\beanshell\bsh\2.0b6\bsh-2.0b6.jar;C:\Users\valmiki\.m2\repository\com\aventstack\extentreports\4.1.5\extentreports-4.1.5.jar;C:\Users\valmiki\.m2\repository\org\freemarker\freemarker\2.3.29\freemarker-2.3.29.jar;C:\Users\valmiki\.m2\repository\org\apache\httpcomponents\httpclient\4.5.2\httpclient-4.5.2.jar;C:\Users\valmiki\.m2\repository\org\apache\httpcomponents\httpcore\4.4.4\httpcore-4.4.4.jar;C:\Users\valmiki\.m2\repository\commons-logging\commons-logging\1.2\commons-logging-1.2.jar;C:\Users\valmiki\.m2\repository\commons-codec\commons-codec\1.9\commons-codec-1.9.jar;C:\Users\valmiki\.m2\repository\org\apache\httpcomponents\httpmime\4.5.2\httpmime-4.5.2.jar;C:\Users\valmiki\.m2\repository\com\google\code\gson\gson\2.8.6\gson-2.8.6.jar;C:\Users\valmiki\.m2\repository\org\mongodb\mongodb-driver\3.12.0\mongodb-driver-3.12.0.jar;C:\Users\valmiki\.m2\repository\org\mongodb\mongodb-driver-core\3.12.0\mongodb-driver-core-3.12.0.jar;C:\Users\valmiki\.m2\repository\org\mongodb\bson\3.12.0\bson-3.12.0.jar;"/>
    <property name="java.vm.vendor" value="Oracle Corporation"/>
    <property name="sun.arch.data.model" value="64"/>
    <property name="user.variant" value=""/>
    <property name="java.vendor.url" value="http://java.oracle.com/"/>
    <property name="user.timezone" value="Asia/Calcutta"/>
    <property name="java.vm.specification.version" value="1.8"/>
    <property name="os.name" value="Windows 10"/>
    <property name="user.country" value="US"/>
    <property name="sun.java.launcher" value="SUN_STANDARD"/>
    <property name="sun.boot.library.path" value="C:\Program Files\Java\jdk1.8.0_202\jre\bin"/>
    <property name="sun.java.command" value="C:\Users\valmiki\AppData\Local\Temp\surefire5058783865584077645\surefirebooter-20221216234035217_3.jar C:\Users\valmiki\AppData\Local\Temp\surefire5058783865584077645 2022-12-16T23-40-34_532-jvmRun1 surefire-20221216234035217_1tmp surefire_0-20221216234035217_2tmp"/>
    <property name="surefire.test.class.path" value="D:\My Framework VV\Dec2022\ExtentReportV5W2A\target\test-classes;D:\My Framework VV\Dec2022\ExtentReportV5W2A\target\classes;C:\Users\valmiki\.m2\repository\org\testng\testng\6.14.3\testng-6.14.3.jar;C:\Users\valmiki\.m2\repository\com\beust\jcommander\1.72\jcommander-1.72.jar;C:\Users\valmiki\.m2\repository\org\apache-extras\beanshell\bsh\2.0b6\bsh-2.0b6.jar;C:\Users\valmiki\.m2\repository\com\aventstack\extentreports\4.1.5\extentreports-4.1.5.jar;C:\Users\valmiki\.m2\repository\org\freemarker\freemarker\2.3.29\freemarker-2.3.29.jar;C:\Users\valmiki\.m2\repository\org\apache\httpcomponents\httpclient\4.5.2\httpclient-4.5.2.jar;C:\Users\valmiki\.m2\repository\org\apache\httpcomponents\httpcore\4.4.4\httpcore-4.4.4.jar;C:\Users\valmiki\.m2\repository\commons-logging\commons-logging\1.2\commons-logging-1.2.jar;C:\Users\valmiki\.m2\repository\commons-codec\commons-codec\1.9\commons-codec-1.9.jar;C:\Users\valmiki\.m2\repository\org\apache\httpcomponents\httpmime\4.5.2\httpmime-4.5.2.jar;C:\Users\valmiki\.m2\repository\com\google\code\gson\gson\2.8.6\gson-2.8.6.jar;C:\Users\valmiki\.m2\repository\org\mongodb\mongodb-driver\3.12.0\mongodb-driver-3.12.0.jar;C:\Users\valmiki\.m2\repository\org\mongodb\mongodb-driver-core\3.12.0\mongodb-driver-core-3.12.0.jar;C:\Users\valmiki\.m2\repository\org\mongodb\bson\3.12.0\bson-3.12.0.jar;"/>
    <property name="sun.cpu.endian" value="little"/>
    <property name="user.home" value="C:\Users\valmiki"/>
    <property name="user.language" value="en"/>
    <property name="java.specification.vendor" value="Oracle Corporation"/>
    <property name="java.home" value="C:\Program Files\Java\jdk1.8.0_202\jre"/>
    <property name="basedir" value="D:\My Framework VV\Dec2022\ExtentReportV5W2A"/>
    <property name="file.separator" value="\"/>
    <property name="line.separator" value="&#10;"/>
    <property name="java.vm.specification.vendor" value="Oracle Corporation"/>
    <property name="java.specification.name" value="Java Platform API Specification"/>
    <property name="java.awt.graphicsenv" value="sun.awt.Win32GraphicsEnvironment"/>
    <property name="surefire.real.class.path" value="C:\Users\valmiki\AppData\Local\Temp\surefire5058783865584077645\surefirebooter-20221216234035217_3.jar"/>
    <property name="sun.boot.class.path" value="C:\Program Files\Java\jdk1.8.0_202\jre\lib\resources.jar;C:\Program Files\Java\jdk1.8.0_202\jre\lib\rt.jar;C:\Program Files\Java\jdk1.8.0_202\jre\lib\sunrsasign.jar;C:\Program Files\Java\jdk1.8.0_202\jre\lib\jsse.jar;C:\Program Files\Java\jdk1.8.0_202\jre\lib\jce.jar;C:\Program Files\Java\jdk1.8.0_202\jre\lib\charsets.jar;C:\Program Files\Java\jdk1.8.0_202\jre\lib\jfr.jar;C:\Program Files\Java\jdk1.8.0_202\jre\classes"/>
    <property name="user.script" value=""/>
    <property name="sun.management.compiler" value="HotSpot 64-Bit Tiered Compilers"/>
    <property name="java.runtime.version" value="1.8.0_202-b08"/>
    <property name="user.name" value="valmiki"/>
    <property name="path.separator" value=";"/>
    <property name="os.version" value="10.0"/>
    <property name="java.endorsed.dirs" value="C:\Program Files\Java\jdk1.8.0_202\jre\lib\endorsed"/>
    <property name="java.runtime.name" value="Java(TM) SE Runtime Environment"/>
    <property name="file.encoding" value="Cp1252"/>
    <property name="java.vm.name" value="Java HotSpot(TM) 64-Bit Server VM"/>
    <property name="localRepository" value="C:\Users\valmiki\.m2\repository"/>
    <property name="java.vendor.url.bug" value="http://bugreport.sun.com/bugreport/"/>
    <property name="java.io.tmpdir" value="C:\Users\valmiki\AppData\Local\Temp\"/>
    <property name="java.version" value="1.8.0_202"/>
    <property name="user.dir" value="D:\My Framework VV\Dec2022\ExtentReportV5W2A"/>
    <property name="os.arch" value="amd64"/>
    <property name="java.vm.specification.name" value="Java Virtual Machine Specification"/>
    <property name="java.awt.printerjob" value="sun.awt.windows.WPrinterJob"/>
    <property name="sun.os.patch.level" value=""/>
    <property name="java.library.path" value="C:\Program Files\Java\jdk1.8.0_202\jre\bin;C:\Windows\Sun\Java\bin;C:\Windows\system32;C:\Windows;C:/Users/valmiki/Downloads/eclipse-java-2022-06-R-win32-x86_64/eclipse//plugins/org.eclipse.justj.openjdk.hotspot.jre.full.win32.x86_64_17.0.3.v20220515-1416/jre/bin/server;C:/Users/valmiki/Downloads/eclipse-java-2022-06-R-win32-x86_64/eclipse//plugins/org.eclipse.justj.openjdk.hotspot.jre.full.win32.x86_64_17.0.3.v20220515-1416/jre/bin;C:\oraclexe\app\oracle\product\11.2.0\server\bin;;C:\Program Files (x86)\Common Files\Oracle\Java\javapath;C:\Windows\system32;C:\Windows;C:\Windows\System32\Wbem;C:\Windows\System32\WindowsPowerShell\v1.0\;C:\Windows\System32\OpenSSH\;C:\Program Files\PuTTY\;D:\apache-maven-3.8.6-bin\apache-maven-3.8.6\bin;C:\Program Files\Java\jdk1.8.0_202\bin;C:\Softwares\allure-commandline-2.8.1\allure-2.8.1\bin;C:\Program Files\Git\cmd;D:\apache-maven-3.8.6-bin\apache-maven-3.8.6\bin;C:\Program Files\nodejs\;F:\Automation\allure-commandline-2.19.0\allure-2.19.0\bin;C:\MinGW\bin;D:\Python setup\Scripts\;D:\Python setup\;C:\Users\valmiki\AppData\Local\Microsoft\WindowsApps;F:\Scripts;F:\;C:\Users\valmiki\AppData\Roaming\npm;C:\Users\valmiki\AppData\Local\Programs\Microsoft VS Code\bin;D:\Softwares\allure-2.9.0\bin;;C:\Users\valmiki\Downloads\eclipse-java-2022-06-R-win32-x86_64\eclipse;;."/>
    <property name="java.vm.info" value="mixed mode"/>
    <property name="java.vendor" value="Oracle Corporation"/>
    <property name="java.vm.version" value="25.202-b08"/>
    <property name="java.ext.dirs" value="C:\Program Files\Java\jdk1.8.0_202\jre\lib\ext;C:\Windows\Sun\Java\lib\ext"/>
    <property name="sun.io.unicode.encoding" value="UnicodeLittle"/>
    <property name="java.class.version" value="52.0"/>
  </properties>
  <testcase name="doLogin" classname="testcases.TestCase2" time="0.035">
    <system-out><![CDATA[Executing Login Test
]]></system-out>
  </testcase>
  <testcase name="doUserReg" classname="testcases.TestCase2" time="0">
    <failure message="User Reg Test Failed" type="java.lang.AssertionError"><![CDATA[java.lang.AssertionError: User Reg Test Failed
	at org.testng.Assert.fail(Assert.java:96)
	at testcases.TestCase2.doUserReg(TestCase2.java:18)
	at sun.reflect.NativeMethodAccessorImpl.invoke0(Native Method)
	at sun.reflect.NativeMethodAccessorImpl.invoke(NativeMethodAccessorImpl.java:62)
	at sun.reflect.DelegatingMethodAccessorImpl.invoke(DelegatingMethodAccessorImpl.java:43)
	at java.lang.reflect.Method.invoke(Method.java:498)
	at org.testng.internal.MethodInvocationHelper.invokeMethod(MethodInvocationHelper.java:124)
	at org.testng.internal.Invoker.invokeMethod(Invoker.java:583)
	at org.testng.internal.Invoker.invokeTestMethod(Invoker.java:719)
	at org.testng.internal.Invoker.invokeTestMethods(Invoker.java:989)
	at org.testng.internal.TestMethodWorker.invokeTestMethods(TestMethodWorker.java:125)
	at org.testng.internal.TestMethodWorker.run(TestMethodWorker.java:109)
	at org.testng.TestRunner.privateRun(TestRunner.java:648)
	at org.testng.TestRunner.run(TestRunner.java:505)
	at org.testng.SuiteRunner.runTest(SuiteRunner.java:455)
	at org.testng.SuiteRunner.runSequentially(SuiteRunner.java:450)
	at org.testng.SuiteRunner.privateRun(SuiteRunner.java:415)
	at org.testng.SuiteRunner.run(SuiteRunner.java:364)
	at org.testng.SuiteRunnerWorker.runSuite(SuiteRunnerWorker.java:52)
	at org.testng.SuiteRunnerWorker.run(SuiteRunnerWorker.java:84)
	at org.testng.TestNG.runSuitesSequentially(TestNG.java:1208)
	at org.testng.TestNG.runSuitesLocally(TestNG.java:1137)
	at org.testng.TestNG.runSuites(TestNG.java:1049)
	at org.testng.TestNG.run(TestNG.java:1017)
	at org.apache.maven.surefire.testng.TestNGExecutor.run(TestNGExecutor.java:324)
	at org.apache.maven.surefire.testng.TestNGXmlTestSuite.execute(TestNGXmlTestSuite.java:74)
	at org.apache.maven.surefire.testng.TestNGProvider.invoke(TestNGProvider.java:123)
	at org.apache.maven.surefire.booter.ForkedBooter.runSuitesInProcess(ForkedBooter.java:456)
	at org.apache.maven.surefire.booter.ForkedBooter.execute(ForkedBooter.java:169)
	at org.apache.maven.surefire.booter.ForkedBooter.run(ForkedBooter.java:595)
	at org.apache.maven.surefire.booter.ForkedBooter.main(ForkedBooter.java:581)
]]></failure>
  </testcase>
  <testcase name="isSkip" classname="testcases.TestCase2" time="0">
    <skipped message="Skipping the test case"/>
  </testcase>
</testsuite>